0 verbose cli C:\Program Files\nodejs\node.exe C:\Program Files\nodejs\node_modules\npm\bin\npm-cli.js
1 info using npm@10.5.2
2 info using node@v20.13.1
3 timing npm:load:whichnode Completed in 2ms
4 timing config:load:defaults Completed in 2ms
5 timing config:load:file:C:\Program Files\nodejs\node_modules\npm\npmrc Completed in 3ms
6 timing config:load:builtin Completed in 3ms
7 timing config:load:cli Completed in 2ms
8 timing config:load:env Completed in 1ms
9 timing config:load:file:C:\Users\surya\restuarantdatabase\.npmrc Completed in 1ms
10 timing config:load:project Completed in 5ms
11 timing config:load:file:C:\Users\surya\.npmrc Completed in 1ms
12 timing config:load:user Completed in 1ms
13 timing config:load:file:C:\Users\surya\restuarantdatabase\UserssuryaAppDataRoamingnpm\etc\npmrc Completed in 0ms
14 timing config:load:global Completed in 0ms
15 timing config:load:setEnvs Completed in 1ms
16 timing config:load Completed in 17ms
17 timing npm:load:configload Completed in 17ms
18 timing config:load:flatten Completed in 2ms
19 timing npm:load:mkdirpcache Completed in 1ms
20 timing npm:load:mkdirplogs Completed in 0ms
21 verbose title npm config set prefix C:\Users\surya\AppData\Roaming\npm
22 verbose argv "config" "set" "prefix" "C:\\Users\\surya\\AppData\\Roaming\\npm"
23 timing npm:load:setTitle Completed in 1ms
24 timing npm:load:display Completed in 0ms
25 verbose logfile logs-max:10 dir:C:\Users\surya\restuarantdatabase\UserssuryaAppDataLocalnpm-cache\_logs\2025-04-08T17_20_20_834Z-
26 verbose logfile C:\Users\surya\restuarantdatabase\UserssuryaAppDataLocalnpm-cache\_logs\2025-04-08T17_20_20_834Z-debug-0.log
27 timing npm:load:logFile Completed in 18ms
28 timing npm:load:timers Completed in 1ms
29 timing npm:load:configScope Completed in 0ms
30 timing npm:load Completed in 80ms
31 info config set "prefix" "C:\\Users\\surya\\AppData\\Roaming\\npm"
32 silly logfile done cleaning log files
33 timing command:config Completed in 9ms
34 verbose exit 0
35 timing config:load:flatten Completed in 0ms
36 timing npm Completed in 138ms
37 info ok
