0 verbose cli C:\Program Files\nodejs\node.exe C:\Program Files\nodejs\node_modules\npm\bin\npm-cli.js
1 info using npm@10.5.2
2 info using node@v20.13.1
3 timing npm:load:whichnode Completed in 2ms
4 timing config:load:defaults Completed in 2ms
5 timing config:load:file:C:\Program Files\nodejs\node_modules\npm\npmrc Completed in 2ms
6 timing config:load:builtin Completed in 2ms
7 timing config:load:cli Completed in 2ms
8 timing config:load:env Completed in 1ms
9 timing config:load:file:C:\Users\surya\restuarantdatabase\.npmrc Completed in 0ms
10 timing config:load:project Completed in 3ms
11 timing config:load:file:C:\Users\surya\.npmrc Completed in 1ms
12 timing config:load:user Completed in 1ms
13 timing config:load:file:C:\Users\surya\restuarantdatabase\UserssuryaAppDataRoamingnpm\etc\npmrc Completed in 1ms
14 timing config:load:global Completed in 1ms
15 timing config:load:setEnvs Completed in 1ms
16 timing config:load Completed in 13ms
17 timing npm:load:configload Completed in 13ms
18 timing config:load:flatten Completed in 4ms
19 timing npm:load:mkdirpcache Completed in 0ms
20 timing npm:load:mkdirplogs Completed in 57ms
21 verbose title npm exec create-react-app front
22 verbose argv "exec" "--" "create-react-app" "front"
23 timing npm:load:setTitle Completed in 2ms
24 timing npm:load:display Completed in 1ms
25 verbose logfile logs-max:10 dir:C:\Users\surya\restuarantdatabase\UserssuryaAppDataLocalnpm-cache\_logs\2025-04-08T17_12_09_576Z-
26 verbose logfile C:\Users\surya\restuarantdatabase\UserssuryaAppDataLocalnpm-cache\_logs\2025-04-08T17_12_09_576Z-debug-0.log
27 timing npm:load:logFile Completed in 5ms
28 timing npm:load:timers Completed in 0ms
29 timing npm:load:configScope Completed in 0ms
30 timing npm:load Completed in 120ms
31 silly logfile done cleaning log files
32 timing arborist:ctor Completed in 1ms
33 http fetch GET 200 https://registry.npmjs.org/npm 223ms
34 http fetch GET 200 https://registry.npmjs.org/create-react-app 211ms (cache miss)
35 timing arborist:ctor Completed in 0ms
36 timing command:exec Completed in 295ms
37 notice
37 notice New [31mmajor[39m version of npm available! [31m10.5.2[39m -> [32m11.2.0[39m
37 notice Changelog: [36mhttps://github.com/npm/cli/releases/tag/v11.2.0[39m
37 notice Run [32mnpm install -g npm@11.2.0[39m to update!
37 notice
38 verbose stack Error: ENOENT: no such file or directory, lstat 'C:\Users\surya\restuarantdatabase\UserssuryaAppDataRoamingnpm'
38 verbose stack     at async lstat (node:internal/fs/promises:1018:18)
38 verbose stack     at async #loadActual (C:\Program Files\nodejs\node_modules\npm\node_modules\@npmcli\arborist\lib\arborist\load-actual.js:112:20)
38 verbose stack     at async exec (C:\Program Files\nodejs\node_modules\npm\node_modules\libnpmexec\lib\index.js:193:26)
38 verbose stack     at async module.exports (C:\Program Files\nodejs\node_modules\npm\lib\cli-entry.js:61:5)
39 verbose cwd C:\Users\surya\restuarantdatabase
40 verbose Windows_NT 10.0.26100
41 verbose node v20.13.1
42 verbose npm  v10.5.2
43 error code ENOENT
44 error syscall lstat
45 error path C:\Users\surya\restuarantdatabase\UserssuryaAppDataRoamingnpm
46 error errno -4058
47 error enoent ENOENT: no such file or directory, lstat 'C:\Users\surya\restuarantdatabase\UserssuryaAppDataRoamingnpm'
48 error enoent This is related to npm not being able to find a file.
48 error enoent
49 verbose exit -4058
50 timing npm Completed in 1041ms
51 verbose code -4058
52 error A complete log of this run can be found in: C:\Users\surya\restuarantdatabase\UserssuryaAppDataLocalnpm-cache\_logs\2025-04-08T17_12_09_576Z-debug-0.log
